<?xml version="1.0" encoding="UTF-8"?>
<!-- Generated by org.testng.reporters.JUnitReportReporter -->
<testsuite skipped="0" hostname="DESKTOP-K1JR9NG" name="com.nopcommerce.testsuite.TestSuite" tests="2" failures="0" timestamp="2023-05-10T23:50:59 BST" time="69.229" errors="0">
  <testcase name="verifyProductArrangeInAlphaBaticalOrder" time="12.167" classname="com.nopcommerce.testsuite.TestSuite"/>
  <system-out>
    <![CDATA[click On Computer Tab [[ChromeDriver: chrome on WINDOWS (2766321b317d316b98d4369a49f7d5e2)] -> xpath: //ul[@class='top-menu notmobile']//a[normalize-space()='Computers']]
click On Desktop [[ChromeDriver: chrome on WINDOWS (2766321b317d316b98d4369a49f7d5e2)] -> xpath: //li[@class='active last']//a[normalize-space()='Desktops']]
Get all product name after shorting ]]>
  </system-out>
  <testcase name="verifyProductAddedToShoppingCartSuccessFully" time="57.062" classname="com.nopcommerce.testsuite.TestSuite"/>
  <system-out>
    <![CDATA[click On Computer Tab [[ChromeDriver: chrome on WINDOWS (6abdc0ff42b0aa4dcbd43df9b5d0f886)] -> xpath: //ul[@class='top-menu notmobile']//a[normalize-space()='Computers']]
click On Desktop [[ChromeDriver: chrome on WINDOWS (6abdc0ff42b0aa4dcbd43df9b5d0f886)] -> xpath: //li[@class='active last']//a[normalize-space()='Desktops']]
select Value From Shorting DropDown [[ChromeDriver: chrome on WINDOWS (6abdc0ff42b0aa4dcbd43df9b5d0f886)] -> xpath: //select[@id='products-orderby']]
click Add to Cart By ProductName 
get Build Your Own Computer Text [[ChromeDriver: chrome on WINDOWS (6abdc0ff42b0aa4dcbd43df9b5d0f886)] -> xpath: //h1[normalize-space()='Build your own computer']]
select Processor [[ChromeDriver: chrome on WINDOWS (6abdc0ff42b0aa4dcbd43df9b5d0f886)] -> xpath: //select[@id='product_attribute_1']]
select Ram [[ChromeDriver: chrome on WINDOWS (6abdc0ff42b0aa4dcbd43df9b5d0f886)] -> xpath: //select[@id='product_attribute_2']]
select HDD 
select Os 
 select Microsoft Office SoftwareOption By.xpath: //input[@id='product_attribute_5_10']
 select Total Commander Software Option [[ChromeDriver: chrome on WINDOWS (6abdc0ff42b0aa4dcbd43df9b5d0f886)] -> xpath: //input[@id='product_attribute_5_12']]
get Total Price Text [[ChromeDriver: chrome on WINDOWS (6abdc0ff42b0aa4dcbd43df9b5d0f886)] -> xpath: //div[@class='product-price']//span]
click On Add to Cart [[ChromeDriver: chrome on WINDOWS (6abdc0ff42b0aa4dcbd43df9b5d0f886)] -> xpath: //button[@id='add-to-cart-button-1']]
get Successfully Added To CartText [[ChromeDriver: chrome on WINDOWS (6abdc0ff42b0aa4dcbd43df9b5d0f886)] -> xpath: //div[@id='bar-notification']]
close Notification Bar [[ChromeDriver: chrome on WINDOWS (6abdc0ff42b0aa4dcbd43df9b5d0f886)] -> xpath: //span[@title='Close']]
mouse Hover To ShoppingCart [[ChromeDriver: chrome on WINDOWS (6abdc0ff42b0aa4dcbd43df9b5d0f886)] -> xpath: //span[@class='cart-label']]
mouse Hover To ShoppingCart And ClickOnCart [[ChromeDriver: chrome on WINDOWS (6abdc0ff42b0aa4dcbd43df9b5d0f886)] -> xpath: //button[normalize-space()='Go to cart']]
get Shopping CartText [[ChromeDriver: chrome on WINDOWS (6abdc0ff42b0aa4dcbd43df9b5d0f886)] -> xpath: //h1[normalize-space()='Shopping cart']]
change Value Of Quantity [[ChromeDriver: chrome on WINDOWS (6abdc0ff42b0aa4dcbd43df9b5d0f886)] -> xpath: //input[contains(@id,'itemquantity')]]
update Shopping Cart [[ChromeDriver: chrome on WINDOWS (6abdc0ff42b0aa4dcbd43df9b5d0f886)] -> xpath: //button[@id='updatecart']]
get PriceText [[ChromeDriver: chrome on WINDOWS (6abdc0ff42b0aa4dcbd43df9b5d0f886)] -> xpath: //span[@class='value-summary']//strong]
select Terms And Condition [[ChromeDriver: chrome on WINDOWS (6abdc0ff42b0aa4dcbd43df9b5d0f886)] -> xpath: //input[@id='termsofservice']]
click On CheckOut [[ChromeDriver: chrome on WINDOWS (6abdc0ff42b0aa4dcbd43df9b5d0f886)] -> xpath: //button[@id='checkout']]
get Welcome Text [[ChromeDriver: chrome on WINDOWS (6abdc0ff42b0aa4dcbd43df9b5d0f886)] -> xpath: //h1[contains(text(),'Welcome, Please Sign In!')]]
click On Guest Checkout [[ChromeDriver: chrome on WINDOWS (6abdc0ff42b0aa4dcbd43df9b5d0f886)] -> xpath: //button[normalize-space()='Checkout as Guest']]
enter Firstname [[ChromeDriver: chrome on WINDOWS (6abdc0ff42b0aa4dcbd43df9b5d0f886)] -> xpath: //input[@id='BillingNewAddress_FirstName']]
enter Lastname [[ChromeDriver: chrome on WINDOWS (6abdc0ff42b0aa4dcbd43df9b5d0f886)] -> xpath: //input[@id='BillingNewAddress_LastName']]
enter Email [[ChromeDriver: chrome on WINDOWS (6abdc0ff42b0aa4dcbd43df9b5d0f886)] -> xpath: //input[@id='BillingNewAddress_Email']]
select Country [[ChromeDriver: chrome on WINDOWS (6abdc0ff42b0aa4dcbd43df9b5d0f886)] -> xpath: //input[@id='BillingNewAddress_Email']]
enter City [[ChromeDriver: chrome on WINDOWS (6abdc0ff42b0aa4dcbd43df9b5d0f886)] -> xpath: //input[@id='BillingNewAddress_City']]
enter Address1 [[ChromeDriver: chrome on WINDOWS (6abdc0ff42b0aa4dcbd43df9b5d0f886)] -> xpath: //input[@id='BillingNewAddress_Address1']]
enter Address1 [[ChromeDriver: chrome on WINDOWS (6abdc0ff42b0aa4dcbd43df9b5d0f886)] -> xpath: //input[@id='BillingNewAddress_ZipPostalCode']]
enter Phone Number [[ChromeDriver: chrome on WINDOWS (6abdc0ff42b0aa4dcbd43df9b5d0f886)] -> xpath: //input[@id='BillingNewAddress_PhoneNumber']]
click On Continue [[ChromeDriver: chrome on WINDOWS (6abdc0ff42b0aa4dcbd43df9b5d0f886)] -> xpath: //button[@onclick='Billing.save()']]
select Next DayAir [[ChromeDriver: chrome on WINDOWS (6abdc0ff42b0aa4dcbd43df9b5d0f886)] -> xpath: //input[@id='shippingoption_1']]
click On Shipping Continue [[ChromeDriver: chrome on WINDOWS (6abdc0ff42b0aa4dcbd43df9b5d0f886)] -> xpath: //button[@class='button-1 shipping-method-next-step-button']]
click On CreditCard [[ChromeDriver: chrome on WINDOWS (6abdc0ff42b0aa4dcbd43df9b5d0f886)] -> xpath: //input[@id='paymentmethod_1']]
click On Payment Continue [[ChromeDriver: chrome on WINDOWS (6abdc0ff42b0aa4dcbd43df9b5d0f886)] -> xpath: //button[@class='button-1 payment-method-next-step-button']]
select CreditCard Type [[ChromeDriver: chrome on WINDOWS (6abdc0ff42b0aa4dcbd43df9b5d0f886)] -> xpath: //select[@id='CreditCardType']]
enter Card Holder Name [[ChromeDriver: chrome on WINDOWS (6abdc0ff42b0aa4dcbd43df9b5d0f886)] -> xpath: //input[@id='CardholderName']]
 enter CardNumber [[ChromeDriver: chrome on WINDOWS (6abdc0ff42b0aa4dcbd43df9b5d0f886)] -> xpath: //input[@id='CardNumber']]
 select Expiration Date 
enter CardCode 
click On Payment Info Continue [[ChromeDriver: chrome on WINDOWS (6abdc0ff42b0aa4dcbd43df9b5d0f886)] -> xpath: //button[@class='button-1 payment-info-next-step-button']]
get Payment Type Text [[ChromeDriver: chrome on WINDOWS (6abdc0ff42b0aa4dcbd43df9b5d0f886)] -> xpath: //span[normalize-space()='Credit Card']]
get Shipping Method Text [[ChromeDriver: chrome on WINDOWS (6abdc0ff42b0aa4dcbd43df9b5d0f886)] -> xpath: //span[normalize-space()='Next Day Air']]
get Total PriceText [[ChromeDriver: chrome on WINDOWS (6abdc0ff42b0aa4dcbd43df9b5d0f886)] -> xpath: //span[@class='product-subtotal']]
click On Confirm [[ChromeDriver: chrome on WINDOWS (6abdc0ff42b0aa4dcbd43df9b5d0f886)] -> xpath: //button[normalize-space()='Confirm']]
get Thank You Text [[ChromeDriver: chrome on WINDOWS (6abdc0ff42b0aa4dcbd43df9b5d0f886)] -> xpath: //h1[normalize-space()='Thank you']]
get Successful Text [[ChromeDriver: chrome on WINDOWS (6abdc0ff42b0aa4dcbd43df9b5d0f886)] -> xpath: //strong[normalize-space()='Your order has been successfully processed!']]
click On Continue [[ChromeDriver: chrome on WINDOWS (6abdc0ff42b0aa4dcbd43df9b5d0f886)] -> xpath: //button[normalize-space()='Continue']]
get Welcome Store Text [[ChromeDriver: chrome on WINDOWS (6abdc0ff42b0aa4dcbd43df9b5d0f886)] -> xpath: //h2[normalize-space()='Welcome to our store']]]]>
  </system-out>
</testsuite> <!-- com.nopcommerce.testsuite.TestSuite -->
