<?xml version="1.0" encoding="UTF-8"?>
<!-- Generated by org.testng.reporters.JUnitReportReporter -->
<testsuite skipped="0" hostname="DESKTOP-K1JR9NG" name="com.nopcommerce.testsuite.ElectronicsTest" tests="2" failures="0" timestamp="2023-05-10T23:50:59 BST" time="34.992" errors="0">
  <testcase name="verifyUserShouldNavigateToCellPhonesPageSuccessfully" time="4.278" classname="com.nopcommerce.testsuite.ElectronicsTest"/>
  <system-out>
    <![CDATA[mouse Hover To Electronic Tab [[ChromeDriver: chrome on WINDOWS (d7040043be0bb38b8bca6d07a889f334)] -> xpath: //ul[@class='top-menu notmobile']//a[normalize-space()='Electronics']]
mouseHover ToCell Phones And Click [[ChromeDriver: chrome on WINDOWS (d7040043be0bb38b8bca6d07a889f334)] -> xpath: //ul[@class='top-menu notmobile']//a[normalize-space()='Cell phones']]
get Cell Phone Text [[ChromeDriver: chrome on WINDOWS (d7040043be0bb38b8bca6d07a889f334)] -> xpath: //h1[normalize-space()='Cell phones']]]]>
  </system-out>
  <testcase name="verifyThatTheProductAddedSuccessfullyAndPlaceOrderSuccessfully" time="30.714" classname="com.nopcommerce.testsuite.ElectronicsTest"/>
  <system-out>
    <![CDATA[mouse Hover To Electronic Tab [[ChromeDriver: chrome on WINDOWS (290d138fd07714399765d5f81b43d9c3)] -> xpath: //ul[@class='top-menu notmobile']//a[normalize-space()='Electronics']]
mouseHover ToCell Phones And Click [[ChromeDriver: chrome on WINDOWS (290d138fd07714399765d5f81b43d9c3)] -> xpath: //ul[@class='top-menu notmobile']//a[normalize-space()='Cell phones']]
get Cell Phone Text [[ChromeDriver: chrome on WINDOWS (290d138fd07714399765d5f81b43d9c3)] -> xpath: //h1[normalize-space()='Cell phones']]
click On List ViewIcon [[ChromeDriver: chrome on WINDOWS (290d138fd07714399765d5f81b43d9c3)] -> xpath: //h1[normalize-space()='Cell phones']]
select Phone FromList 
get Product NameText [[ChromeDriver: chrome on WINDOWS (290d138fd07714399765d5f81b43d9c3)] -> xpath: //h1[normalize-space()='Nokia Lumia 1020']]
get PriceText [[ChromeDriver: chrome on WINDOWS (290d138fd07714399765d5f81b43d9c3)] -> xpath: //div[@class='product-price']//span[normalize-space()='$349.00']]
update Quantity [[ChromeDriver: chrome on WINDOWS (290d138fd07714399765d5f81b43d9c3)] -> xpath: //input[@id='product_enteredQuantity_20']]
click On Add ToCart [[ChromeDriver: chrome on WINDOWS (290d138fd07714399765d5f81b43d9c3)] -> xpath: //button[@id='add-to-cart-button-20']]
get Successfull Added To CartText [[ChromeDriver: chrome on WINDOWS (290d138fd07714399765d5f81b43d9c3)] -> xpath: //div[@id='bar-notification']]
close Notification Bar [[ChromeDriver: chrome on WINDOWS (290d138fd07714399765d5f81b43d9c3)] -> xpath: //span[@title='Close']]
mouse Hover To Shopping Card [[ChromeDriver: chrome on WINDOWS (290d138fd07714399765d5f81b43d9c3)] -> xpath: //span[@class='cart-label']]
mouse Hover To GoTo Card And Click [[ChromeDriver: chrome on WINDOWS (290d138fd07714399765d5f81b43d9c3)] -> xpath: //button[normalize-space()='Go to cart']]
get Shopping CartText [[ChromeDriver: chrome on WINDOWS (290d138fd07714399765d5f81b43d9c3)] -> xpath: //h1[normalize-space()='Shopping cart']]
get Number Of Quantity Value [[ChromeDriver: chrome on WINDOWS (290d138fd07714399765d5f81b43d9c3)] -> xpath: //button[normalize-space()='Go to cart']]
get PriceText [[ChromeDriver: chrome on WINDOWS (290d138fd07714399765d5f81b43d9c3)] -> xpath: //span[@class='value-summary']//strong]
select Terms And Condition [[ChromeDriver: chrome on WINDOWS (290d138fd07714399765d5f81b43d9c3)] -> xpath: //input[@id='termsofservice']]
click On CheckOut [[ChromeDriver: chrome on WINDOWS (290d138fd07714399765d5f81b43d9c3)] -> xpath: //button[@id='checkout']]
get Welcome Text [[ChromeDriver: chrome on WINDOWS (290d138fd07714399765d5f81b43d9c3)] -> xpath: //h1[contains(text(),'Welcome, Please Sign In!')]]
click On Register Tab [[ChromeDriver: chrome on WINDOWS (290d138fd07714399765d5f81b43d9c3)] -> xpath: //button[@class='button-1 register-button']]
enter Firstname [[ChromeDriver: chrome on WINDOWS (290d138fd07714399765d5f81b43d9c3)] -> xpath: //input[@id='FirstName']]
enter Lastname [[ChromeDriver: chrome on WINDOWS (290d138fd07714399765d5f81b43d9c3)] -> xpath: //input[@id='LastName']]
enter Email [[ChromeDriver: chrome on WINDOWS (290d138fd07714399765d5f81b43d9c3)] -> xpath: //input[@id='Email']]
enter Password [[ChromeDriver: chrome on WINDOWS (290d138fd07714399765d5f81b43d9c3)] -> xpath: //input[@id='Password']]
enter Confirm Password [[ChromeDriver: chrome on WINDOWS (290d138fd07714399765d5f81b43d9c3)] -> xpath: //input[@id='ConfirmPassword']]
click On Register Button [[ChromeDriver: chrome on WINDOWS (290d138fd07714399765d5f81b43d9c3)] -> xpath: //button[@id='register-button']]
get Registration Completed Text [[ChromeDriver: chrome on WINDOWS (290d138fd07714399765d5f81b43d9c3)] -> xpath: //div[@class='result']]]]>
  </system-out>
</testsuite> <!-- com.nopcommerce.testsuite.ElectronicsTest -->
