<?xml version="1.0" encoding="UTF-8"?>
<!-- Generated by org.testng.reporters.JUnitReportReporter -->
<testsuite skipped="0" hostname="DESKTOP-K1JR9NG" name="com.nopcommerce.testsuite.TopMenuTest" tests="1" failures="0" timestamp="2023-05-10T23:50:59 BST" time="3.338" errors="0">
  <testcase name="verifyPageNavigation" time="3.338" classname="com.nopcommerce.testsuite.TopMenuTest"/>
  <system-out>
    <![CDATA[This method select menu on top menu 
get Electronics HeaderText [[ChromeDriver: chrome on WINDOWS (6c6f84af396565ab597a723d2990b2f5)] -> xpath: //h1[normalize-space()='Electronics']]]]>
  </system-out>
</testsuite> <!-- com.nopcommerce.testsuite.TopMenuTest -->
